ERROR: 2025/03/25 14:55:38 logger.go:35: Error loading .env file: open .env: no such file or directory
ERROR: 2025/03/25 14:57:10 logger.go:35: Failed to query movies: pq: database "movies" does not exist
ERROR: 2025/03/25 14:57:10 logger.go:35: get top movies error: pq: database "movies" does not exist
ERROR: 2025/03/26 12:51:08 logger.go:35: Failed to query movie by ID: pq: value "123412341234" is out of range for type integer
ERROR: 2025/03/26 12:51:08 logger.go:35: Failed to get movie by ID: pq: value "123412341234" is out of range for type integer
ERROR: 2025/03/26 12:53:37 logger.go:35: Failed to query movie by ID: pq: value "123412341234" is out of range for type integer
ERROR: 2025/03/26 12:53:37 logger.go:35: Failed to get movie by ID: pq: value "123412341234" is out of range for type integer
ERROR: 2025/03/26 12:54:26 logger.go:35: Failed to query movie by ID: pq: value "123412341234" is out of range for type integer
ERROR: 2025/03/26 12:54:26 logger.go:35: Failed to get movie by ID: pq: value "123412341234" is out of range for type integer
ERROR: 2025/03/26 12:55:10 logger.go:35: Failed to query movie by ID: pq: value "123412341234" is out of range for type integer
ERROR: 2025/03/26 12:55:10 logger.go:35: Failed to get movie by ID: pq: value "123412341234" is out of range for type integer
ERROR: 2025/03/26 12:56:37 logger.go:35: Failed to query movie by ID: pq: value "123412341234" is out of range for type integer
ERROR: 2025/03/26 12:56:37 logger.go:35: Failed to get movie by ID: pq: value "123412341234" is out of range for type integer
ERROR: 2025/03/26 13:08:21 logger.go:35: Failed to scan movie row: sql: Scan error on column index 4, name "release_year": converting NULL to int is unsupported
ERROR: 2025/03/26 13:08:21 logger.go:35: Failed to get movies: sql: Scan error on column index 4, name "release_year": converting NULL to int is unsupported
ERROR: 2025/03/26 13:10:52 logger.go:35: Failed to scan movie row: sql: Scan error on column index 4, name "release_year": converting NULL to int is unsupported
ERROR: 2025/03/26 13:10:52 logger.go:35: Failed to get movies: sql: Scan error on column index 4, name "release_year": converting NULL to int is unsupported
ERROR: 2025/03/26 13:16:23 logger.go:35: Invalid ID format: strconv.Atoi: parsing "search/": invalid syntax
ERROR: 2025/03/26 13:16:26 logger.go:35: Invalid ID format: strconv.Atoi: parsing "search/": invalid syntax
ERROR: 2025/03/26 13:16:28 logger.go:35: Invalid ID format: strconv.Atoi: parsing "search/": invalid syntax
ERROR: 2025/03/26 13:16:39 logger.go:35: Invalid ID format: strconv.Atoi: parsing "search/": invalid syntax
ERROR: 2025/03/26 13:18:37 logger.go:35: Invalid ID format: strconv.Atoi: parsing "search/": invalid syntax
ERROR: 2025/03/26 13:19:26 logger.go:35: Invalid ID format: strconv.Atoi: parsing "search/": invalid syntax
ERROR: 2025/03/26 13:19:27 logger.go:35: Invalid ID format: strconv.Atoi: parsing "search/": invalid syntax
ERROR: 2025/03/26 13:19:33 logger.go:35: Invalid ID format: strconv.Atoi: parsing "search/": invalid syntax
ERROR: 2025/03/26 13:19:35 logger.go:35: Invalid ID format: strconv.Atoi: parsing "search/": invalid syntax
ERROR: 2025/03/26 13:19:39 logger.go:35: Invalid ID format: strconv.Atoi: parsing "search/": invalid syntax
ERROR: 2025/03/26 15:16:39 logger.go:35: Registration validation failed: missing required fields: <nil>
ERROR: 2025/03/26 15:16:53 logger.go:35: Registration validation failed: missing required fields: <nil>
ERROR: 2025/03/26 15:17:17 logger.go:35: User not found for email: test@test.com: <nil>
ERROR: 2025/03/26 15:23:48 logger.go:35: Password mismatch for email: test@test.com: <nil>
ERROR: 2025/03/26 15:23:59 logger.go:35: Password mismatch for email: test@test.com: <nil>
ERROR: 2025/03/27 10:38:27 logger.go:35: Failed to decode collection request: EOF
ERROR: 2025/03/27 10:39:06 logger.go:35: Failed to decode collection request: EOF
ERROR: 2025/03/27 10:39:26 logger.go:35: Failed to decode collection request: EOF
ERROR: 2025/03/27 10:39:29 logger.go:35: Failed to decode collection request: EOF
ERROR: 2025/03/27 10:40:09 logger.go:35: Failed to decode collection request: EOF
ERROR: 2025/03/27 10:40:39 logger.go:35: Failed to decode collection request: EOF
ERROR: 2025/03/27 10:40:40 logger.go:35: Failed to decode collection request: EOF
ERROR: 2025/03/27 10:41:27 logger.go:35: Failed to decode collection request: EOF
ERROR: 2025/03/27 10:42:41 logger.go:35: Failed to decode collection request: EOF
ERROR: 2025/03/27 10:43:25 logger.go:35: Failed to decode collection request: EOF
ERROR: 2025/03/27 10:43:31 logger.go:35: Failed to decode collection request: EOF
ERROR: 2025/03/27 10:44:56 logger.go:35: Failed to decode collection request: EOF
ERROR: 2025/03/27 10:45:04 logger.go:35: Failed to decode collection request: EOF
ERROR: 2025/03/27 10:46:27 logger.go:35: Failed to decode collection request: EOF
ERROR: 2025/03/27 10:47:35 logger.go:35: Failed to decode collection request: EOF
ERROR: 2025/03/27 10:47:55 logger.go:35: Failed to decode collection request: EOF
ERROR: 2025/03/27 10:48:20 logger.go:35: Failed to decode collection request: EOF
ERROR: 2025/03/27 10:50:09 logger.go:35: Failed to decode collection request: EOF
ERROR: 2025/03/27 10:50:30 logger.go:35: Failed to decode collection request: EOF
